class Queue {
    constructor() {
        this.dataStore = [];
        this.enqueue = enqueue;
        this.dequeue = dequeue;
        this.front = front;
        this.back = back;
        this.toString = toString;
        this.empty = empty;
        this.count = count;
    }
}

undefined
function enqueue(element) {
    this.dataStore.push(element);
}
function dequeue() {
    return this.dataStore.shift();
}
function front() {
    return this.dataStore[0];
}
function back() {
    return this.dataStore[this.dataStore.length - 1];
}
function toString() {
    var retStr = "";
    for (var i = 0; i < this.dataStore.length; ++i) {
        retStr += this.dataStore[i] + "\n";
    }
    return retStr;
}
function empty() {
    if (this.dataStore.length == 0) {
        return true;
    }
    else {
        return false;
    }
}
function count() {
 return this.dataStore.length;
}
undefined
var dancers = [
    "F Allison McMillan",
    "M Frank Opitz",
    "M Mason McMillan",
    "M Clayton Ruff",
    "F Cheryl Ferenback",
    "M Raymond Williams",
    "F Jennifer Ingram",
    "M Bryan Frazer",
    "M David Durr",
    "M Danny Martin",
    "F Aurora Adney"
]
undefined
class Dancer {
    constructor(name, sex) {
        this.name = name;
        this.sex = sex;
    }
}
undefined
var males = new Queue();
var females = new Queue();
undefined
function getDancers() {
    var names = [];
    for (var idx = 0; idx < dancers.length; idx++) {
        var person = dancers[idx].split(" ")
        var firstName = person[1];
        var lastName = person[2];

        names[idx] = firstName + " " + lastName;
    }
  for (var i = 0; i < dancers.length; ++i) {
        var person = dancers[i].split(" ");
        var sex = person[0];
        var name = names[i];
        if (sex == "F") {
            females.enqueue(new Dancer(name, sex));
        }
        else {
            males.enqueue(new Dancer(name, sex));
        }
    }
}
    
undefined
function dance(males, females) {
console.log("The dance partners are: \n");
 while (!females.empty() && !males.empty()) {
 person = females.dequeue();
 putstr("Female dancer is: " + person.name);
 person = males.dequeue();
console.log(" and the male dancer is: " + person.name);
 }
console.log();
}
undefined
var maleDancers = new Queue();
var femaleDancers = new Queue();
getDancers(maleDancers, femaleDancers);
dance(maleDancers, femaleDancers);
if (!femaleDancers.empty()) {
console.log(femaleDancers.front().name + " is waiting to dance.");
}
if (!maleDancers.empty()) {
console.log(maleDancers.front().name + " is waiting to dance.");
}
VM672:2 The dance partners are: 

undefined
dancers;
(11) ['F Allison McMillan', 'M Frank Opitz', 'M Mason McMillan', 'M Clayton Ruff', 'F Cheryl Ferenback', 'M Raymond Williams', 'F Jennifer Ingram', 'M Bryan Frazer', 'M David Durr', 'M Danny Martin', 'F Aurora Adney']
console.log(femaleDancers.front().name + " is waiting to dance.");
VM767:1 Uncaught TypeError: Cannot read properties of undefined (reading 'name')
    at <anonymous>:1:34
(anonymous) @ VM767:1
var maleDancers = new Queue();
var femaleDancers = new Queue();
getDancers(maleDancers, femaleDancers);
dance(maleDancers, femaleDancers);
if (!femaleDancers.empty()) {
console.log(femaleDancers.front().name + " is waiting to dance.");
}
if (!maleDancers.empty()) {
console.log(maleDancers.front().name + " is waiting to dance.");
}
VM672:2 The dance partners are: 

undefined
function dance() {
console.log("The dance partners are: \n");
 while (!females.empty() && !males.empty()) {
 person = females.dequeue();
console.log("Female dancer is: " + person.name);
 person = males.dequeue();
console.log(" and the male dancer is: " + person.name);
 }
console.log();
}
undefined
var maleDancers = new Queue();
var femaleDancers = new Queue();
getDancers(maleDancers, femaleDancers);
dance(maleDancers, femaleDancers);
if (!femaleDancers.empty()) {
console.log(femaleDancers.front().name + " is waiting to dance.");
}
if (!maleDancers.empty()) {
console.log(maleDancers.front().name + " is waiting to dance.");
}
VM828:2 The dance partners are: 

VM828:5 Female dancer is: Allison McMillan
VM828:7  and the male dancer is: Frank Opitz
VM828:5 Female dancer is: Cheryl Ferenback
VM828:7  and the male dancer is: Mason McMillan
VM828:5 Female dancer is: Jennifer Ingram
VM828:7  and the male dancer is: Clayton Ruff
VM828:5 Female dancer is: Aurora Adney
VM828:7  and the male dancer is: Raymond Williams
VM828:5 Female dancer is: Allison McMillan
VM828:7  and the male dancer is: Bryan Frazer
VM828:5 Female dancer is: Cheryl Ferenback
VM828:7  and the male dancer is: David Durr
VM828:5 Female dancer is: Jennifer Ingram
VM828:7  and the male dancer is: Danny Martin
VM828:5 Female dancer is: Aurora Adney
VM828:7  and the male dancer is: Frank Opitz
VM828:5 Female dancer is: Allison McMillan
VM828:7  and the male dancer is: Mason McMillan
VM828:5 Female dancer is: Cheryl Ferenback
VM828:7  and the male dancer is: Clayton Ruff
VM828:5 Female dancer is: Jennifer Ingram
VM828:7  and the male dancer is: Raymond Williams
VM828:5 Female dancer is: Aurora Adney
VM828:7  and the male dancer is: Bryan Frazer
undefined
